This file contains any messages produced by compilers while
running configure, to aid debugging if configure makes a mistake.

It was created by gtlangs-slh configure 20110617, which was
generated by GNU Autoconf 2.69.  Invocation command line was

  $ ./configure --with-hfst --enable-spellers

## --------- ##
## Platform. ##
## --------- ##

hostname = LM2-YKIEL05.local
uname -m = x86_64
uname -r = 12.5.0
uname -s = Darwin
uname -v = Darwin Kernel Version 12.5.0: Sun Sep 29 13:33:47 PDT 2013; root:xnu-2050.48.12~1/RELEASE_X86_64

/usr/bin/uname -p = i386
/bin/uname -X     = unknown

/bin/arch              = unknown
/usr/bin/arch -k       = unknown
/usr/convex/getsysinfo = unknown
/usr/bin/hostinfo      = Mach kernel version:
	 Darwin Kernel Version 12.5.0: Sun Sep 29 13:33:47 PDT 2013; root:xnu-2050.48.12~1/RELEASE_X86_64
Kernel configured for up to 4 processors.
2 processors are physically available.
4 processors are logically available.
Processor type: i486 (Intel 80486)
Processors active: 0 1 2 3
Primary memory available: 8.00 gigabytes
Default processor set: 126 tasks, 663 threads, 4 processors
Load average: 0.52, Mach factor: 3.47
/bin/machine           = unknown
/usr/bin/oslevel       = unknown
/bin/universe          = unknown

PATH: /Users/rueter/main/gt/script/corpus
PATH: /Users/rueter/main/gt/script
PATH: /Users/rueter/Library/Python/2.7/bin
PATH: /Users/rueter/.local/bin
PATH: /usr/local/bin
PATH: /opt/local/Library/Frameworks/Python.framework/Versions/2.7/bin
PATH: /opt/local/bin
PATH: /opt/local/sbin
PATH: /Users/rueter/forrest/bin
PATH: /opt/local/bin
PATH: /opt/local/sbin
PATH: /Users/rueter/bin
PATH: /usr/bin
PATH: /bin
PATH: /usr/sbin
PATH: /sbin
PATH: /usr/local/bin
PATH: /opt/X11/bin
PATH: /usr/local/git/bin


## ----------- ##
## Core tests. ##
## ----------- ##

configure:1949: checking for a BSD-compatible install
configure:2017: result: /usr/bin/install -c
configure:2028: checking whether build environment is sane
configure:2083: result: yes
configure:2234: checking for a thread-safe mkdir -p
configure:2273: result: build-aux/install-sh -c -d
configure:2280: checking for gawk
configure:2296: found /opt/local/bin/gawk
configure:2307: result: gawk
configure:2318: checking whether make sets $(MAKE)
configure:2340: result: yes
configure:2369: checking whether make supports nested variables
configure:2386: result: yes
configure:2522: checking whether make supports nested variables
configure:2539: result: yes
configure:2565: checking build system type
configure:2579: result: x86_64-apple-darwin12.5.0
configure:2599: checking host system type
configure:2612: result: x86_64-apple-darwin12.5.0
configure:2671: checking for gt-core.sh
configure:2689: found /Users/rueter/main/gtcore/scripts/gt-core.sh
configure:2702: result: /Users/rueter/main/gtcore/scripts/gt-core.sh
configure:2711: checking whether GTCORE is found
configure:2718: result: yes - via environment
configure:2767: checking the version of the GTD Core
configure:2771: checking for gt-version.sh
configure:2789: found /Users/rueter/main/gtcore/scripts/gt-version.sh
configure:2802: result: /Users/rueter/main/gtcore/scripts/gt-version.sh
configure:2816: result: 0.2.4-87206
configure:2819: checking whether the GTD Core version is at least 0.2.4
configure:2859: result: yes
configure:2914: checking for a Python interpreter with version >= 3.1
configure:2931: python -c import sys # split strings by '.' and convert to numeric. Append some zeros # because we need at least 4 digits for the hex conversion. # map returns an iterator in Python 3.0 and a list in 2.x minver = list(map(int, '3.1'.split('.'))) + [0, 0, 0] minverhex = 0 # xrange is not present in Python 3.0 and range returns an iterator for i in list(range(0, 4)): minverhex = (minverhex << 8) + minver[i] sys.exit(sys.hexversion < minverhex)
configure:2934: $? = 1
configure:2931: python2 -c import sys # split strings by '.' and convert to numeric. Append some zeros # because we need at least 4 digits for the hex conversion. # map returns an iterator in Python 3.0 and a list in 2.x minver = list(map(int, '3.1'.split('.'))) + [0, 0, 0] minverhex = 0 # xrange is not present in Python 3.0 and range returns an iterator for i in list(range(0, 4)): minverhex = (minverhex << 8) + minver[i] sys.exit(sys.hexversion < minverhex)
configure:2934: $? = 1
configure:2931: python3 -c import sys # split strings by '.' and convert to numeric. Append some zeros # because we need at least 4 digits for the hex conversion. # map returns an iterator in Python 3.0 and a list in 2.x minver = list(map(int, '3.1'.split('.'))) + [0, 0, 0] minverhex = 0 # xrange is not present in Python 3.0 and range returns an iterator for i in list(range(0, 4)): minverhex = (minverhex << 8) + minver[i] sys.exit(sys.hexversion < minverhex)
./configure: line 2932: python3: command not found
configure:2934: $? = 127
configure:2931: python3.3 -c import sys # split strings by '.' and convert to numeric. Append some zeros # because we need at least 4 digits for the hex conversion. # map returns an iterator in Python 3.0 and a list in 2.x minver = list(map(int, '3.1'.split('.'))) + [0, 0, 0] minverhex = 0 # xrange is not present in Python 3.0 and range returns an iterator for i in list(range(0, 4)): minverhex = (minverhex << 8) + minver[i] sys.exit(sys.hexversion < minverhex)
./configure: line 2932: python3.3: command not found
configure:2934: $? = 127
configure:2931: python3.2 -c import sys # split strings by '.' and convert to numeric. Append some zeros # because we need at least 4 digits for the hex conversion. # map returns an iterator in Python 3.0 and a list in 2.x minver = list(map(int, '3.1'.split('.'))) + [0, 0, 0] minverhex = 0 # xrange is not present in Python 3.0 and range returns an iterator for i in list(range(0, 4)): minverhex = (minverhex << 8) + minver[i] sys.exit(sys.hexversion < minverhex)
configure:2934: $? = 0
configure:2940: result: python3.2
configure:2948: checking for python3.2
configure:2966: found /opt/local/bin/python3.2
configure:2978: result: /opt/local/bin/python3.2
configure:2996: checking for python3.2 version
configure:3003: result: 3.2
configure:3015: checking for python3.2 platform
configure:3022: result: darwin
configure:3048: checking for python3.2 script directory
configure:3083: result: ${prefix}/lib/python3.2/site-packages
configure:3092: checking for python3.2 extension module directory
configure:3127: result: ${exec_prefix}/lib/python3.2/site-packages
configure:3146: checking python3.2 module: yaml
configure:3151: result: yes
configure:3166: checking whether to enable yaml-based test
configure:3181: result: yes
configure:3199: checking for gawk
configure:3217: found /opt/local/bin/gawk
configure:3229: result: /opt/local/bin/gawk
configure:3239: checking for forrest
configure:3257: found /Users/rueter/forrest/bin/forrest
configure:3269: result: /Users/rueter/forrest/bin/forrest
configure:3277: checking whether we can enable in-source documentation building
configure:3296: result: yes
configure:3310: checking for rsync
configure:3328: found /usr/bin/rsync
configure:3341: result: /usr/bin/rsync
configure:3349: checking whether we can rsync LO-voikko oxt template locally
configure:3358: result: yes
configure:3371: checking for wget
configure:3402: result: no
configure:3425: checking for hfst-compose
configure:3443: found /usr/local/bin/hfst-compose
configure:3456: result: /usr/local/bin/hfst-compose
configure:3466: checking for hfst-compose-intersect
configure:3484: found /usr/local/bin/hfst-compose-intersect
configure:3497: result: /usr/local/bin/hfst-compose-intersect
configure:3507: checking for hfst-concatenate
configure:3525: found /usr/local/bin/hfst-concatenate
configure:3538: result: /usr/local/bin/hfst-concatenate
configure:3548: checking for hfst-conjunct
configure:3566: found /usr/local/bin/hfst-conjunct
configure:3579: result: /usr/local/bin/hfst-conjunct
configure:3589: checking for hfst-determinize
configure:3607: found /usr/local/bin/hfst-determinize
configure:3620: result: /usr/local/bin/hfst-determinize
configure:3630: checking for hfst-disjunct
configure:3648: found /usr/local/bin/hfst-disjunct
configure:3661: result: /usr/local/bin/hfst-disjunct
configure:3671: checking for hfst-foma
configure:3689: found /usr/local/bin/hfst-foma
configure:3702: result: /usr/local/bin/hfst-foma
configure:3712: checking for hfst-fst2fst
configure:3730: found /usr/local/bin/hfst-fst2fst
configure:3743: result: /usr/local/bin/hfst-fst2fst
configure:3753: checking for hfst-fst2strings
configure:3771: found /usr/local/bin/hfst-fst2strings
configure:3784: result: /usr/local/bin/hfst-fst2strings
configure:3794: checking for hfst-fst2txt
configure:3812: found /usr/local/bin/hfst-fst2txt
configure:3825: result: /usr/local/bin/hfst-fst2txt
configure:3835: checking for hfst-info
configure:3853: found /usr/local/bin/hfst-info
configure:3866: result: /usr/local/bin/hfst-info
configure:3876: checking for hfst-invert
configure:3894: found /usr/local/bin/hfst-invert
configure:3907: result: /usr/local/bin/hfst-invert
configure:3917: checking for hfst-lexc
configure:3935: found /usr/local/bin/hfst-lexc
configure:3948: result: /usr/local/bin/hfst-lexc
configure:3958: checking for hfst-lexc2fst
configure:3976: found /usr/local/bin/hfst-lexc2fst
configure:3989: result: /usr/local/bin/hfst-lexc2fst
configure:3999: checking for hfst-lookup
configure:4017: found /usr/local/bin/hfst-lookup
configure:4030: result: /usr/local/bin/hfst-lookup
configure:4040: checking for hfst-minimize
configure:4058: found /usr/local/bin/hfst-minimize
configure:4071: result: /usr/local/bin/hfst-minimize
configure:4081: checking for hfst-minus
configure:4099: found /usr/local/bin/hfst-minus
configure:4112: result: /usr/local/bin/hfst-minus
configure:4122: checking for hfst-multiply
configure:4140: found /usr/local/bin/hfst-multiply
configure:4153: result: /usr/local/bin/hfst-multiply
configure:4163: checking for hfst-name
configure:4181: found /usr/local/bin/hfst-name
configure:4194: result: /usr/local/bin/hfst-name
configure:4204: checking for hfst-pair-test
configure:4222: found /usr/local/bin/hfst-pair-test
configure:4235: result: /usr/local/bin/hfst-pair-test
configure:4245: checking for hfst-proc
configure:4263: found /usr/local/bin/hfst-proc
configure:4276: result: /usr/local/bin/hfst-proc
configure:4286: checking for hfst-project
configure:4304: found /usr/local/bin/hfst-project
configure:4317: result: /usr/local/bin/hfst-project
configure:4327: checking for hfst-prune-alphabet
configure:4345: found /usr/local/bin/hfst-prune-alphabet
configure:4358: result: /usr/local/bin/hfst-prune-alphabet
configure:4368: checking for hfst-push-weights
configure:4386: found /usr/local/bin/hfst-push-weights
configure:4399: result: /usr/local/bin/hfst-push-weights
configure:4409: checking for hfst-regexp2fst
configure:4427: found /usr/local/bin/hfst-regexp2fst
configure:4440: result: /usr/local/bin/hfst-regexp2fst
configure:4450: checking for hfst-remove-epsilons
configure:4468: found /usr/local/bin/hfst-remove-epsilons
configure:4481: result: /usr/local/bin/hfst-remove-epsilons
configure:4491: checking for hfst-repeat
configure:4509: found /usr/local/bin/hfst-repeat
configure:4522: result: /usr/local/bin/hfst-repeat
configure:4532: checking for hfst-reverse
configure:4550: found /usr/local/bin/hfst-reverse
configure:4563: result: /usr/local/bin/hfst-reverse
configure:4573: checking for hfst-reweight
configure:4591: found /usr/local/bin/hfst-reweight
configure:4604: result: /usr/local/bin/hfst-reweight
configure:4614: checking for hfst-split
configure:4632: found /usr/local/bin/hfst-split
configure:4645: result: /usr/local/bin/hfst-split
configure:4655: checking for hfst-strings2fst
configure:4673: found /usr/local/bin/hfst-strings2fst
configure:4686: result: /usr/local/bin/hfst-strings2fst
configure:4696: checking for hfst-substitute
configure:4714: found /usr/local/bin/hfst-substitute
configure:4727: result: /usr/local/bin/hfst-substitute
configure:4737: checking for hfst-subtract
configure:4755: found /usr/local/bin/hfst-subtract
configure:4768: result: /usr/local/bin/hfst-subtract
configure:4778: checking for hfst-summarize
configure:4796: found /usr/local/bin/hfst-summarize
configure:4809: result: /usr/local/bin/hfst-summarize
configure:4819: checking for hfst-twolc
configure:4837: found /usr/local/bin/hfst-twolc
configure:4850: result: /usr/local/bin/hfst-twolc
configure:4860: checking for hfst-txt2fst
configure:4878: found /usr/local/bin/hfst-txt2fst
configure:4891: result: /usr/local/bin/hfst-txt2fst
configure:4901: checking for hfst-xfst
configure:4919: found /usr/local/bin/hfst-xfst
configure:4932: result: /usr/local/bin/hfst-xfst
configure:4942: checking for hfst-xfst2fst
configure:4973: result: false
configure:4985: checking whether hfst is at least 3.5.1
configure:4991: result: yes
configure:5051: checking for printf
configure:5069: found /usr/bin/printf
configure:5082: result: /usr/bin/printf
configure:5092: checking for xfst
configure:5110: found /Users/rueter/bin/xfst
configure:5123: result: /Users/rueter/bin/xfst
configure:5133: checking for twolc
configure:5151: found /Users/rueter/bin/twolc
configure:5164: result: /Users/rueter/bin/twolc
configure:5174: checking for lexc
configure:5192: found /Users/rueter/bin/lexc
configure:5205: result: /Users/rueter/bin/lexc
configure:5215: checking for lookup
configure:5233: found /Users/rueter/bin/lookup
configure:5246: result: /Users/rueter/bin/lookup
configure:5254: checking whether to enable xfst building
configure:5270: result: yes
configure:5293: checking for vislcg3
configure:5311: found /usr/local/bin/vislcg3
configure:5324: result: /usr/local/bin/vislcg3
configure:5334: checking for cg-comp
configure:5352: found /usr/local/bin/cg-comp
configure:5365: result: /usr/local/bin/cg-comp
configure:5377: checking whether vislcg3 is at least 0.9.8.9406
configure:5417: result: no - 0.9.8.8982
configure:5426: checking whether we can enable vislcg3 targets
configure:5432: result: no
configure:5456: checking for saxonb-xslt
configure:5487: result: false
configure:5497: checking for java
configure:5515: found /usr/bin/java
configure:5528: result: /usr/bin/java
configure:5536: checking for /opt/local/share/java/saxon9he.jar
configure:5549: result: yes
configure:5606: checking whether we can enable xslt2 transformations
configure:5629: result: yes
configure:5652: checking for see
configure:5670: found /usr/bin/see
configure:5682: result: /usr/bin/see
configure:5805: checking for zip
configure:5823: found /usr/bin/zip
configure:5836: result: /usr/bin/zip
configure:5846: checking for gzip
configure:5864: found /usr/bin/gzip
configure:5877: result: /usr/bin/gzip
configure:6185: checking that generated files are newer than configure
configure:6191: result: done
configure:6291: creating ./config.status

## ---------------------- ##
## Running config.status. ##
## ---------------------- ##

This file was extended by gtlangs-slh config.status 20110617, which was
generated by GNU Autoconf 2.69.  Invocation command line was

  CONFIG_FILES    = 
  CONFIG_HEADERS  = 
  CONFIG_LINKS    = 
  CONFIG_COMMANDS = 
  $ ./config.status 

on LM2-YKIEL05.local

config.status:899: creating Makefile
config.status:899: creating src/Makefile
config.status:899: creating src/filters/Makefile
config.status:899: creating src/hyphenation/Makefile
config.status:899: creating src/morphology/Makefile
config.status:899: creating src/orthography/Makefile
config.status:899: creating src/phonetics/Makefile
config.status:899: creating src/phonology/Makefile
config.status:899: creating src/syntax/Makefile
config.status:899: creating src/tagsets/Makefile
config.status:899: creating src/transcriptions/Makefile
config.status:899: creating doc/Makefile
config.status:899: creating test/Makefile
config.status:899: creating test/src/Makefile
config.status:899: creating test/src/morphology/Makefile
config.status:899: creating test/src/phonology/Makefile
config.status:899: creating test/src/syntax/Makefile
config.status:899: creating test/tools/Makefile
config.status:899: creating test/tools/spellcheckers/Makefile
config.status:899: creating tools/Makefile
config.status:899: creating tools/grammarcheckers/Makefile
config.status:899: creating tools/preprocess/Makefile
config.status:899: creating tools/shellscripts/Makefile
config.status:899: creating tools/spellcheckers/Makefile
config.status:899: creating tools/spellcheckers/fstbased/Makefile
config.status:899: creating tools/spellcheckers/fstbased/hfst/Makefile
config.status:899: creating tools/spellcheckers/fstbased/foma/Makefile
config.status:899: creating tools/spellcheckers/listbased/Makefile
config.status:899: creating test/src/morphology/run-morph-tester.sh
config.status:899: creating test/src/morphology/generate-noun-lemmas.sh
config.status:899: creating tools/shellscripts/uslh-gt.sh

## ---------------- ##
## Cache variables. ##
## ---------------- ##

ac_cv_build=x86_64-apple-darwin12.5.0
ac_cv_env_GTCORE_set=set
ac_cv_env_GTCORE_value=/Users/rueter/main/gtcore
ac_cv_env_GTMAINTAINER_set=
ac_cv_env_GTMAINTAINER_value=
ac_cv_env_PYTHON_set=
ac_cv_env_PYTHON_value=
ac_cv_env_build_alias_set=
ac_cv_env_build_alias_value=
ac_cv_env_host_alias_set=
ac_cv_env_host_alias_value=
ac_cv_env_target_alias_set=
ac_cv_env_target_alias_value=
ac_cv_file__opt_local_share_java_saxon9he_jar=yes
ac_cv_host=x86_64-apple-darwin12.5.0
ac_cv_path_AWK=/opt/local/bin/gawk
ac_cv_path_FORREST=/Users/rueter/forrest/bin/forrest
ac_cv_path_GTCORESH=/Users/rueter/main/gtcore/scripts/gt-core.sh
ac_cv_path_GTD_VERSION=/Users/rueter/main/gtcore/scripts/gt-version.sh
ac_cv_path_GZIP=/usr/bin/gzip
ac_cv_path_HFST_COMPOSE=/usr/local/bin/hfst-compose
ac_cv_path_HFST_COMPOSE_INTERSECT=/usr/local/bin/hfst-compose-intersect
ac_cv_path_HFST_CONCATENATE=/usr/local/bin/hfst-concatenate
ac_cv_path_HFST_CONJUNCT=/usr/local/bin/hfst-conjunct
ac_cv_path_HFST_DETERMINIZE=/usr/local/bin/hfst-determinize
ac_cv_path_HFST_DISJUNCT=/usr/local/bin/hfst-disjunct
ac_cv_path_HFST_FOMA=/usr/local/bin/hfst-foma
ac_cv_path_HFST_FST2FST=/usr/local/bin/hfst-fst2fst
ac_cv_path_HFST_FST2STRINGS=/usr/local/bin/hfst-fst2strings
ac_cv_path_HFST_FST2TXT=/usr/local/bin/hfst-fst2txt
ac_cv_path_HFST_INFO=/usr/local/bin/hfst-info
ac_cv_path_HFST_INVERT=/usr/local/bin/hfst-invert
ac_cv_path_HFST_LEXC2FST=/usr/local/bin/hfst-lexc2fst
ac_cv_path_HFST_LEXC=/usr/local/bin/hfst-lexc
ac_cv_path_HFST_LOOKUP=/usr/local/bin/hfst-lookup
ac_cv_path_HFST_MINIMIZE=/usr/local/bin/hfst-minimize
ac_cv_path_HFST_MINUS=/usr/local/bin/hfst-minus
ac_cv_path_HFST_MULTIPLY=/usr/local/bin/hfst-multiply
ac_cv_path_HFST_NAME=/usr/local/bin/hfst-name
ac_cv_path_HFST_PAIR_TEST=/usr/local/bin/hfst-pair-test
ac_cv_path_HFST_PROC=/usr/local/bin/hfst-proc
ac_cv_path_HFST_PROJECT=/usr/local/bin/hfst-project
ac_cv_path_HFST_PRUNE_ALPHABET=/usr/local/bin/hfst-prune-alphabet
ac_cv_path_HFST_PUSH_WEIGHTS=/usr/local/bin/hfst-push-weights
ac_cv_path_HFST_REGEXP2FST=/usr/local/bin/hfst-regexp2fst
ac_cv_path_HFST_REMOVE_EPSILONS=/usr/local/bin/hfst-remove-epsilons
ac_cv_path_HFST_REPEAT=/usr/local/bin/hfst-repeat
ac_cv_path_HFST_REVERSE=/usr/local/bin/hfst-reverse
ac_cv_path_HFST_REWEIGHT=/usr/local/bin/hfst-reweight
ac_cv_path_HFST_SPLIT=/usr/local/bin/hfst-split
ac_cv_path_HFST_STRINGS2FST=/usr/local/bin/hfst-strings2fst
ac_cv_path_HFST_SUBSTITUTE=/usr/local/bin/hfst-substitute
ac_cv_path_HFST_SUBTRACT=/usr/local/bin/hfst-subtract
ac_cv_path_HFST_SUMMARIZE=/usr/local/bin/hfst-summarize
ac_cv_path_HFST_TWOLC=/usr/local/bin/hfst-twolc
ac_cv_path_HFST_TXT2FST=/usr/local/bin/hfst-txt2fst
ac_cv_path_HFST_XFST2FST=false
ac_cv_path_HFST_XFST=/usr/local/bin/hfst-xfst
ac_cv_path_JV=/usr/bin/java
ac_cv_path_LEXC=/Users/rueter/bin/lexc
ac_cv_path_LOOKUP=/Users/rueter/bin/lookup
ac_cv_path_PRINTF=/usr/bin/printf
ac_cv_path_PYTHON=/opt/local/bin/python3.2
ac_cv_path_RSYNC=/usr/bin/rsync
ac_cv_path_SAXON=false
ac_cv_path_SEE=/usr/bin/see
ac_cv_path_TWOLC=/Users/rueter/bin/twolc
ac_cv_path_VISLCG3=/usr/local/bin/vislcg3
ac_cv_path_VISLCG3_COMP=/usr/local/bin/cg-comp
ac_cv_path_WGET=no
ac_cv_path_XFST=/Users/rueter/bin/xfst
ac_cv_path_ZIP=/usr/bin/zip
ac_cv_path_install='/usr/bin/install -c'
ac_cv_prog_AWK=gawk
ac_cv_prog_make_make_set=yes
am_cv_make_support_nested_variables=yes
am_cv_pathless_PYTHON=python3.2
am_cv_python_platform=darwin
am_cv_python_pyexecdir='${exec_prefix}/lib/python3.2/site-packages'
am_cv_python_pythondir='${prefix}/lib/python3.2/site-packages'
am_cv_python_version=3.2

## ----------------- ##
## Output variables. ##
## ----------------- ##

ACLOCAL='${SHELL} /Users/rueter/main/langs/slh/build-aux/missing aclocal-1.14'
AMTAR='$${TAR-tar}'
AM_BACKSLASH='\'
AM_DEFAULT_V='$(AM_DEFAULT_VERBOSITY)'
AM_DEFAULT_VERBOSITY='0'
AM_V='$(V)'
AUTOCONF='${SHELL} /Users/rueter/main/langs/slh/build-aux/missing autoconf'
AUTOHEADER='${SHELL} /Users/rueter/main/langs/slh/build-aux/missing autoheader'
AUTOMAKE='${SHELL} /Users/rueter/main/langs/slh/build-aux/missing automake-1.14'
AWK='/opt/local/bin/gawk'
CAN_DOCC_FALSE='#'
CAN_DOCC_TRUE=''
CAN_FOMA_SPELLER_FALSE=''
CAN_FOMA_SPELLER_TRUE='#'
CAN_HFST_FALSE='#'
CAN_HFST_FOMA_FALSE='#'
CAN_HFST_FOMA_TRUE=''
CAN_HFST_TRUE=''
CAN_HFST_XFST_FALSE='#'
CAN_HFST_XFST_TRUE=''
CAN_JAVA_FALSE='#'
CAN_JAVA_TRUE=''
CAN_LOCALSYNC_FALSE='#'
CAN_LOCALSYNC_TRUE=''
CAN_SAXON_FALSE=''
CAN_SAXON_TRUE='#'
CAN_VISLCG_FALSE=''
CAN_VISLCG_TRUE='#'
CAN_XFST_FALSE='#'
CAN_XFST_TRUE=''
CAN_YAML_TEST_FALSE='#'
CAN_YAML_TEST_TRUE=''
CYGPATH_W='echo'
CYGWINJAVAPATH='echo'
DEFS='-DPACKAGE_NAME=\"gtlangs-slh\" -DPACKAGE_TARNAME=\"gtlangs-slh\" -DPACKAGE_VERSION=\"20110617\" -DPACKAGE_STRING=\"gtlangs-slh\ 20110617\" -DPACKAGE_BUGREPORT=\"feedback@divvun.no\" -DPACKAGE_URL=\"http://divvun.no\" -DPACKAGE=\"gtlangs-slh\" -DVERSION=\"20110617\"'
ECHO_C='\c'
ECHO_N=''
ECHO_T=''
FORREST='/Users/rueter/forrest/bin/forrest'
GTCORE='/Users/rueter/main/gtcore'
GTCORESH='/Users/rueter/main/gtcore/scripts/gt-core.sh'
GTD_VERSION='/Users/rueter/main/gtcore/scripts/gt-version.sh'
GTLANG2='slh'
GTLANG='slh'
GTMAINTAINER=''
GZIP='/usr/bin/gzip'
HFST_COMPOSE='/usr/local/bin/hfst-compose'
HFST_COMPOSE_INTERSECT='/usr/local/bin/hfst-compose-intersect'
HFST_CONCATENATE='/usr/local/bin/hfst-concatenate'
HFST_CONJUNCT='/usr/local/bin/hfst-conjunct'
HFST_DETERMINIZE='/usr/local/bin/hfst-determinize'
HFST_DISJUNCT='/usr/local/bin/hfst-disjunct'
HFST_FOMA='/usr/local/bin/hfst-foma'
HFST_FST2FST='/usr/local/bin/hfst-fst2fst'
HFST_FST2STRINGS='/usr/local/bin/hfst-fst2strings'
HFST_FST2TXT='/usr/local/bin/hfst-fst2txt'
HFST_INFO='/usr/local/bin/hfst-info'
HFST_INVERT='/usr/local/bin/hfst-invert'
HFST_LEXC2FST='/usr/local/bin/hfst-lexc2fst'
HFST_LEXC='/usr/local/bin/hfst-lexc'
HFST_LOOKUP='/usr/local/bin/hfst-lookup'
HFST_MINIMIZE='/usr/local/bin/hfst-minimize'
HFST_MINIMIZE_SPELLER='/usr/local/bin/hfst-remove-epsilons'
HFST_MINUS='/usr/local/bin/hfst-minus'
HFST_MULTIPLY='/usr/local/bin/hfst-multiply'
HFST_NAME='/usr/local/bin/hfst-name'
HFST_PAIR_TEST='/usr/local/bin/hfst-pair-test'
HFST_PROC='/usr/local/bin/hfst-proc'
HFST_PROJECT='/usr/local/bin/hfst-project'
HFST_PRUNE_ALPHABET='/usr/local/bin/hfst-prune-alphabet'
HFST_PUSH_WEIGHTS='/usr/local/bin/hfst-push-weights'
HFST_REGEXP2FST='/usr/local/bin/hfst-regexp2fst'
HFST_REMOVE_EPSILONS='/usr/local/bin/hfst-remove-epsilons'
HFST_REPEAT='/usr/local/bin/hfst-repeat'
HFST_REVERSE='/usr/local/bin/hfst-reverse'
HFST_REWEIGHT='/usr/local/bin/hfst-reweight'
HFST_SPLIT='/usr/local/bin/hfst-split'
HFST_STRINGS2FST='/usr/local/bin/hfst-strings2fst'
HFST_SUBSTITUTE='/usr/local/bin/hfst-substitute'
HFST_SUBTRACT='/usr/local/bin/hfst-subtract'
HFST_SUMMARIZE='/usr/local/bin/hfst-summarize'
HFST_TWOLC='/usr/local/bin/hfst-twolc'
HFST_TXT2FST='/usr/local/bin/hfst-txt2fst'
HFST_XFST2FST='false'
HFST_XFST='/usr/local/bin/hfst-xfst'
INSTALL_DATA='${INSTALL} -m 644'
INSTALL_PROGRAM='${INSTALL}'
INSTALL_SCRIPT='${INSTALL}'
INSTALL_STRIP_PROGRAM='$(install_sh) -c -s'
JV='/usr/bin/java'
LEXC='/Users/rueter/bin/lexc'
LIBOBJS=''
LIBS=''
LOOKUP='/Users/rueter/bin/lookup'
LO_min_version='3.6'
LTLIBOBJS=''
MAKEINFO='${SHELL} /Users/rueter/main/langs/slh/build-aux/missing makeinfo'
MKDIR_P='build-aux/install-sh -c -d'
PACKAGE='gtlangs-slh'
PACKAGE_BUGREPORT='feedback@divvun.no'
PACKAGE_NAME='gtlangs-slh'
PACKAGE_STRING='gtlangs-slh 20110617'
PACKAGE_TARNAME='gtlangs-slh'
PACKAGE_URL='http://divvun.no'
PACKAGE_VERSION='20110617'
PATH_SEPARATOR=':'
PRINTF='/usr/bin/printf'
PYTHON='/opt/local/bin/python3.2'
PYTHON_EXEC_PREFIX='${exec_prefix}'
PYTHON_PLATFORM='darwin'
PYTHON_PREFIX='${prefix}'
PYTHON_VERSION='3.2'
RSYNC='/usr/bin/rsync'
SAXON='false'
SAXONJAR='/opt/local/share/java/saxon9he.jar'
SEE='/usr/bin/see'
SET_MAKE=''
SHELL='/bin/sh'
STRIP=''
TWOLC='/Users/rueter/bin/twolc'
VERSION='20110617'
VISLCG3='/usr/local/bin/vislcg3'
VISLCG3_COMP='/usr/local/bin/cg-comp'
WANT_APERTIUM_FALSE=''
WANT_APERTIUM_TRUE='#'
WANT_DICTIONARIES_FALSE=''
WANT_DICTIONARIES_TRUE='#'
WANT_GENERATION_FALSE='#'
WANT_GENERATION_TRUE=''
WANT_GRAMCHECK_FALSE=''
WANT_GRAMCHECK_TRUE='#'
WANT_HUNSPELL_FALSE=''
WANT_HUNSPELL_TRUE='#'
WANT_MAINTAIN_FALSE=''
WANT_MAINTAIN_TRUE='#'
WANT_MORPHOLOGY_FALSE='#'
WANT_MORPHOLOGY_TRUE=''
WANT_OAHPA_FALSE=''
WANT_OAHPA_TRUE='#'
WANT_PHONETIC_FALSE=''
WANT_PHONETIC_TRUE='#'
WANT_SPELLERAUTOMAT_FALSE='#'
WANT_SPELLERAUTOMAT_TRUE=''
WANT_SPELLERS_FALSE='#'
WANT_SPELLERS_TRUE=''
WANT_VOIKKO_FALSE='#'
WANT_VOIKKO_TRUE=''
WGET='no'
XFST='/Users/rueter/bin/xfst'
ZIP='/usr/bin/zip'
am__isrc=''
am__leading_dot='.'
am__tar='$${TAR-tar} chof - "$$tardir"'
am__untar='$${TAR-tar} xf -'
bindir='${exec_prefix}/bin'
build='x86_64-apple-darwin12.5.0'
build_alias=''
build_cpu='x86_64'
build_os='darwin12.5.0'
build_vendor='apple'
datadir='${datarootdir}'
datarootdir='${prefix}/share'
docdir='${datarootdir}/doc/${PACKAGE_TARNAME}'
dvidir='${docdir}'
exec_prefix='${prefix}'
host='x86_64-apple-darwin12.5.0'
host_alias=''
host_cpu='x86_64'
host_os='darwin12.5.0'
host_vendor='apple'
htmldir='${docdir}'
includedir='${prefix}/include'
infodir='${datarootdir}/info'
install_sh='${SHELL} /Users/rueter/main/langs/slh/build-aux/install-sh'
libdir='${exec_prefix}/lib'
libexecdir='${exec_prefix}/libexec'
localedir='${datarootdir}/locale'
localstatedir='${prefix}/var'
mandir='${datarootdir}/man'
mkdir_p='$(MKDIR_P)'
oldincludedir='/usr/include'
pdfdir='${docdir}'
pkgpyexecdir='${pyexecdir}/gtlangs-slh'
pkgpythondir='${pythondir}/gtlangs-slh'
prefix='/usr/local'
program_transform_name='s,x,x,'
psdir='${docdir}'
pyexecdir='${exec_prefix}/lib/python3.2/site-packages'
pythondir='${prefix}/lib/python3.2/site-packages'
sbindir='${exec_prefix}/sbin'
sharedstatedir='${prefix}/com'
sysconfdir='${prefix}/etc'
target_alias=''

## ----------- ##
## confdefs.h. ##
## ----------- ##

/* confdefs.h */
#define PACKAGE_NAME "gtlangs-slh"
#define PACKAGE_TARNAME "gtlangs-slh"
#define PACKAGE_VERSION "20110617"
#define PACKAGE_STRING "gtlangs-slh 20110617"
#define PACKAGE_BUGREPORT "feedback@divvun.no"
#define PACKAGE_URL "http://divvun.no"
#define PACKAGE "gtlangs-slh"
#define VERSION "20110617"

configure: exit 0
